<?xml version="1.0" encoding="UTF-8"?>
<!-- Generated by org.testng.reporters.JUnitXMLReporter -->
<testsuite ignored="9" hostname="Inspiron" failures="0" tests="1" name="Default test" time="11.648" errors="0" timestamp="2022-04-21T18:25:38 EDT">
  <testcase classname="pack3.Captureecran" name="dropdownclick" time="11.574"/>
  <testcase classname="pack3.Captureecran" name="ScreenshotAndReport" time="0.0">
    <ignored/>
  </testcase> <!-- ScreenshotAndReport -->
  <testcase classname="pack3.Captureecran" name="displayText" time="0.0">
    <ignored/>
  </testcase> <!-- displayText -->
  <testcase classname="pack3.Captureecran" name="compteLesaMethod" time="0.0">
    <ignored/>
  </testcase> <!-- compteLesaMethod -->
  <testcase classname="pack3.Captureecran" name="getDifferentValues" time="0.0">
    <ignored/>
  </testcase> <!-- getDifferentValues -->
  <testcase classname="pack3.Captureecran" name="findMultipleElementsMethod" time="0.0">
    <ignored/>
  </testcase> <!-- findMultipleElementsMethod -->
  <testcase classname="pack3.Captureecran" name="getNavigatorClass" time="0.0">
    <ignored/>
  </testcase> <!-- getNavigatorClass -->
  <testcase classname="pack3.Captureecran" name="TakeScreenshot" time="0.0">
    <ignored/>
  </testcase> <!-- TakeScreenshot -->
  <testcase classname="pack3.Captureecran" name="navigateMethod" time="0.0">
    <ignored/>
  </testcase> <!-- navigateMethod -->
  <testcase classname="pack3.Captureecran" name="TakeScreenshot2" time="0.0">
    <ignored/>
  </testcase> <!-- TakeScreenshot2 -->
</testsuite> <!-- Default test -->
