<?xml version="1.0" encoding="UTF-8"?>
<testng-results ignored="9" total="10" passed="1" failed="0" skipped="0">
  <reporter-output>
  </reporter-output>
  <suite started-at="2022-04-21T18:25:26 EDT" name="Default suite" finished-at="2022-04-21T18:25:38 EDT" duration-ms="11648">
    <groups>
    </groups>
    <test started-at="2022-04-21T18:25:26 EDT" name="Default test" finished-at="2022-04-21T18:25:38 EDT" duration-ms="11648">
      <class name="pack3.Captureecran">
        <test-method signature="dropdownclick()[pri:0, instance:pack3.Captureecran@4cc451f2]" started-at="2022-04-21T18:25:26 EDT" name="dropdownclick" finished-at="2022-04-21T18:25:38 EDT" duration-ms="11574" status="PASS">
          <reporter-output>
          </reporter-output>
        </test-method> <!-- dropdownclick -->
      </class> <!-- pack3.Captureecran -->
    </test> <!-- Default test -->
  </suite> <!-- Default suite -->
</testng-results>
